{
  "stats": {
    "suites": 1,
    "tests": 1,
    "passes": 1,
    "pending": 0,
    "failures": 0,
    "start": "2025-05-20T13:08:00.797Z",
    "end": "2025-05-20T13:08:08.510Z",
    "duration": 7713,
    "testsRegistered": 1,
    "passPercent": 100,
    "pendingPercent": 0,
    "other": 0,
    "hasOther": false,
    "skipped": 0,
    "hasSkipped": false
  },
  "results": [
    {
      "uuid": "b3d94b5a-fb88-4fea-8873-0a191618f1df",
      "title": "",
      "fullFile": "cypress\\e2e\\frontend_tests\\TesteSeguranca.cy.js",
      "file": "cypress\\e2e\\frontend_tests\\TesteSeguranca.cy.js",
      "beforeHooks": [],
      "afterHooks": [],
      "tests": [],
      "suites": [
        {
          "uuid": "fd43d45d-6653-4b4f-835d-d90d43e9ae52",
          "title": "Validação da página de Segurança e Privacidade no UOL",
          "fullFile": "",
          "file": "",
          "beforeHooks": [],
          "afterHooks": [],
          "tests": [
            {
              "title": "Verifica se a palavra \"Atualização\" está presente",
              "fullTitle": "Validação da página de Segurança e Privacidade no UOL Verifica se a palavra \"Atualização\" está presente",
              "timedOut": null,
              "duration": 4648,
              "state": "passed",
              "speed": "fast",
              "pass": true,
              "fail": false,
              "pending": false,
              "context": "{\n  \"title\": \"cypress-mochawesome-reporter-videos-passed\",\n  \"value\": \"cypress\\\\e2e\\\\frontend_tests\\\\TesteSeguranca.cy.js\"\n}",
              "code": "_SegurancaActions.default.validarPalavraAtualizacao();\n_SegurancaActions.default.capturarDataAtualizacao();",
              "err": {},
              "uuid": "14f972ea-23fc-421d-a745-89df2b716cab",
              "parentUUID": "fd43d45d-6653-4b4f-835d-d90d43e9ae52",
              "isHook": false,
              "skipped": false
            }
          ],
          "suites": [],
          "passes": [
            "14f972ea-23fc-421d-a745-89df2b716cab"
          ],
          "failures": [],
          "pending": [],
          "skipped": [],
          "duration": 4648,
          "root": false,
          "rootEmpty": false,
          "_timeout": 2000
        }
      ],
      "passes": [],
      "failures": [],
      "pending": [],
      "skipped": [],
      "duration": 0,
      "root": true,
      "rootEmpty": true,
      "_timeout": 2000
    }
  ],
  "meta": {
    "mocha": {
      "version": "7.0.1"
    },
    "mochawesome": {
      "options": {
        "quiet": false,
        "reportFilename": "mochawesome",
        "saveHtml": true,
        "saveJson": true,
        "consoleReporter": "spec",
        "useInlineDiffs": false,
        "code": true
      },
      "version": "7.1.3"
    },
    "marge": {
      "options": {
        "reportDir": "mochawesome-report",
        "overwrite": false,
        "html": true,
        "json": true,
        "charts": true,
        "screenshots": true,
        "timestamp": "mmddyyyy_HHMMss"
      },
      "version": "6.2.0"
    }
  }
}